2024-08-20 16:39:23,338 sonypro ad-listener-1.0-SNAPSHOT-runner.jar[57124] INFO  [com.sma.ad.AppLifecycleBean] (main) Application is starting ...
2024-08-20 16:39:23,389 sonypro ad-listener-1.0-SNAPSHOT-runner.jar[57124] INFO  [com.sma.ad.ser.ActiveDirectoryService] (main) Welcome to AD Listener...
2024-08-20 16:39:23,390 sonypro ad-listener-1.0-SNAPSHOT-runner.jar[57124] INFO  [com.sma.ad.ser.ActiveDirectoryService] (main) HOST : 192.168.97.215:389
2024-08-20 16:39:23,390 sonypro ad-listener-1.0-SNAPSHOT-runner.jar[57124] INFO  [com.sma.ad.ser.ActiveDirectoryService] (main) BASEDN : dc=binrusdi,dc=com
2024-08-20 16:39:23,390 sonypro ad-listener-1.0-SNAPSHOT-runner.jar[57124] INFO  [com.sma.ad.ser.ActiveDirectoryService] (main) USERNAME : BINRUSDI\smartnet
2024-08-20 16:39:23,563 sonypro ad-listener-1.0-SNAPSHOT-runner.jar[57124] INFO  [com.sma.ad.ser.ActiveDirectoryService] (main) Connected to Active Directory
2024-08-20 16:39:23,587 sonypro ad-listener-1.0-SNAPSHOT-runner.jar[57124] INFO  [com.sma.ad.ser.ActiveDirectoryService] (main) Get All Active Directory Data
2024-08-20 16:39:23,587 sonypro ad-listener-1.0-SNAPSHOT-runner.jar[57124] INFO  [com.sma.ad.ser.ActiveDirectoryService] (main) Saving Active Directory User to database...
2024-08-20 16:39:23,588 sonypro ad-listener-1.0-SNAPSHOT-runner.jar[57124] INFO  [com.sma.ad.ser.ActiveDirectoryService] (main) Get All User Active Directory 
2024-08-20 16:39:23,818 sonypro ad-listener-1.0-SNAPSHOT-runner.jar[57124] INFO  [com.sma.ad.rep.AdUserRepository] (pool-5-thread-2) Saving Ad User : userit1
2024-08-20 16:39:23,913 sonypro ad-listener-1.0-SNAPSHOT-runner.jar[57124] INFO  [com.sma.ad.rep.AdUserRepository] (pool-5-thread-2) Saving Ad User : Guest
2024-08-20 16:39:23,920 sonypro ad-listener-1.0-SNAPSHOT-runner.jar[57124] INFO  [com.sma.ad.rep.AdUserRepository] (pool-5-thread-2) Saving Ad User : Administrator
2024-08-20 16:39:23,923 sonypro ad-listener-1.0-SNAPSHOT-runner.jar[57124] INFO  [com.sma.ad.rep.AdUserRepository] (pool-5-thread-2) Saving Ad User : smartnet
2024-08-20 16:39:23,927 sonypro ad-listener-1.0-SNAPSHOT-runner.jar[57124] INFO  [com.sma.ad.rep.AdUserRepository] (pool-5-thread-2) Saving Ad User : gunturs
2024-08-20 16:39:23,931 sonypro ad-listener-1.0-SNAPSHOT-runner.jar[57124] INFO  [com.sma.ad.rep.AdUserRepository] (pool-5-thread-2) Saving Ad User : sonykw
2024-08-20 16:39:23,934 sonypro ad-listener-1.0-SNAPSHOT-runner.jar[57124] INFO  [com.sma.ad.rep.AdUserRepository] (pool-5-thread-2) Saving Ad User : LENOVO-V110$
2024-08-20 16:39:23,936 sonypro ad-listener-1.0-SNAPSHOT-runner.jar[57124] INFO  [com.sma.ad.rep.AdUserRepository] (pool-5-thread-2) Saving Ad User : krbtgt
2024-08-20 16:39:23,939 sonypro ad-listener-1.0-SNAPSHOT-runner.jar[57124] INFO  [com.sma.ad.ser.ActiveDirectoryService] (pool-5-thread-2) Load and save Active Directory Organization
2024-08-20 16:39:23,939 sonypro ad-listener-1.0-SNAPSHOT-runner.jar[57124] INFO  [com.sma.ad.ser.ActiveDirectoryService] (pool-5-thread-2) Get Organization
2024-08-20 16:39:24,110 sonypro ad-listener-1.0-SNAPSHOT-runner.jar[57124] INFO  [com.sma.ad.MainApp] (main) Starting Services ...
2024-08-20 16:39:24,111 sonypro ad-listener-1.0-SNAPSHOT-runner.jar[57124] INFO  [com.sma.ad.AppLifecycleBean] (main) Init Application ...
2024-08-20 16:39:24,111 sonypro ad-listener-1.0-SNAPSHOT-runner.jar[57124] INFO  [com.sma.ad.AppLifecycleBean] (main) Proses non thread
2024-08-20 16:39:24,112 sonypro ad-listener-1.0-SNAPSHOT-runner.jar[57124] INFO  [com.sma.ad.ser.ActiveDirectoryService] (main) Welcome to AD Listener...
2024-08-20 16:39:24,112 sonypro ad-listener-1.0-SNAPSHOT-runner.jar[57124] INFO  [com.sma.ad.ser.ActiveDirectoryService] (main) HOST : 192.168.97.215:389
2024-08-20 16:39:24,113 sonypro ad-listener-1.0-SNAPSHOT-runner.jar[57124] INFO  [com.sma.ad.ser.ActiveDirectoryService] (main) BASEDN : dc=binrusdi,dc=com
2024-08-20 16:39:24,113 sonypro ad-listener-1.0-SNAPSHOT-runner.jar[57124] INFO  [com.sma.ad.ser.ActiveDirectoryService] (main) USERNAME : BINRUSDI\smartnet
2024-08-20 16:39:24,174 sonypro ad-listener-1.0-SNAPSHOT-runner.jar[57124] INFO  [com.sma.ad.ser.ActiveDirectoryService] (main) Connected to Active Directory
2024-08-20 16:39:24,174 sonypro ad-listener-1.0-SNAPSHOT-runner.jar[57124] INFO  [com.sma.ad.ser.ActiveDirectoryService] (main) Get All Active Directory Data
2024-08-20 16:39:24,175 sonypro ad-listener-1.0-SNAPSHOT-runner.jar[57124] INFO  [com.sma.ad.ser.ActiveDirectoryService] (main) Saving Active Directory User to database...
2024-08-20 16:39:24,175 sonypro ad-listener-1.0-SNAPSHOT-runner.jar[57124] INFO  [com.sma.ad.ser.ActiveDirectoryService] (main) Get All User Active Directory 
2024-08-20 16:39:24,257 sonypro ad-listener-1.0-SNAPSHOT-runner.jar[57124] INFO  [com.sma.ad.rep.AdUserRepository] (pool-7-thread-2) Saving Ad User : Administrator
2024-08-20 16:39:24,263 sonypro ad-listener-1.0-SNAPSHOT-runner.jar[57124] INFO  [com.sma.ad.rep.AdUserRepository] (pool-7-thread-2) Saving Ad User : krbtgt
2024-08-20 16:39:24,268 sonypro ad-listener-1.0-SNAPSHOT-runner.jar[57124] INFO  [com.sma.ad.rep.AdUserRepository] (pool-7-thread-2) Saving Ad User : LENOVO-V110$
2024-08-20 16:39:24,271 sonypro ad-listener-1.0-SNAPSHOT-runner.jar[57124] INFO  [com.sma.ad.rep.AdUserRepository] (pool-7-thread-2) Saving Ad User : sonykw
2024-08-20 16:39:24,272 sonypro ad-listener-1.0-SNAPSHOT-runner.jar[57124] INFO  [com.sma.ad.rep.AdUserRepository] (pool-7-thread-2) Saving Ad User : Guest
2024-08-20 16:39:24,274 sonypro ad-listener-1.0-SNAPSHOT-runner.jar[57124] INFO  [com.sma.ad.rep.AdUserRepository] (pool-7-thread-2) Saving Ad User : userit1
2024-08-20 16:39:24,276 sonypro ad-listener-1.0-SNAPSHOT-runner.jar[57124] INFO  [com.sma.ad.rep.AdUserRepository] (pool-7-thread-2) Saving Ad User : smartnet
2024-08-20 16:39:24,277 sonypro ad-listener-1.0-SNAPSHOT-runner.jar[57124] INFO  [com.sma.ad.rep.AdUserRepository] (pool-7-thread-2) Saving Ad User : gunturs
2024-08-20 16:39:24,279 sonypro ad-listener-1.0-SNAPSHOT-runner.jar[57124] INFO  [com.sma.ad.ser.ActiveDirectoryService] (pool-7-thread-2) Load and save Active Directory Organization
2024-08-20 16:39:24,279 sonypro ad-listener-1.0-SNAPSHOT-runner.jar[57124] INFO  [com.sma.ad.ser.ActiveDirectoryService] (pool-7-thread-2) Get Organization
2024-08-20 16:39:30,016 sonypro ad-listener-1.0-SNAPSHOT-runner.jar[57124] INFO  [com.sma.ad.ser.ActiveDirectoryService] (vert.x-eventloop-thread-1) Checking User in Access Card...
2024-08-20 16:39:30,016 sonypro ad-listener-1.0-SNAPSHOT-runner.jar[57124] INFO  [com.sma.ad.ser.ActiveDirectoryService] (vert.x-eventloop-thread-1) Get All User Active Directory 
2024-08-20 16:39:30,017 sonypro ad-listener-1.0-SNAPSHOT-runner.jar[57124] INFO  [com.sma.ad.ser.FalcoService] (vert.x-eventloop-thread-2) Checking Card in Active Directory User...
2024-08-20 16:39:30,108 sonypro ad-listener-1.0-SNAPSHOT-runner.jar[57124] INFO  [com.sma.ad.ser.ActiveDirectoryService] (pool-9-thread-2) Push AdUser{displayName='User IT 1 binrusdi', lastLogoff=0, logonCount=0, accountExpires=9223372036854775807, lastLogonTimestamp=null, description='null', distinguishedName='CN=User IT 1 binrusdi,OU=IT Dept,OU=Binrusdi Corp,DC=binrusdi,DC=com', countryCode=0, objectGUID='5a064560-ed22-d848-8fb2-acf3ccf32bb5', logonHours='null', dSCorePropagationData='16010101000000.0Z', uSNCreated=12790, memberOf='null', isCriticalSystemObject='null', codePage=0, userAccountControl=66048, lastLogon=0, whenCreated='20240629173354.0Z', badPasswordTime=0, uSNChanged=110660, sAMAccountName='userit1', instanceType=4, objectClass='top', cn='User IT 1 binrusdi', whenChanged='20240725053820.0Z', primaryGroupID=513, adminCount=null, sAMAccountType=805306368, name='User IT 1 binrusdi', objectSid='01050000-0000-0005-1500-000028cfc91d', badPwdCount=0, pwdLastSet=133641560341353859, objectCategory='CN=Person,CN=Schema,CN=Configuration,DC=binrusdi,DC=com', servicePrincipalName='null', showInAdvancedViewOnly='null', msDsSupportedEncryptionTypes='null', telephoneNumber='null', mail='null', employeeID='10001006', streetAddress='null', postalCode='null', sn='binrusdi', st='null', c='null', userPrincipalName='userit1@binrusdi.com', givenName='User IT 1', l='null', co='null'} to Access Card
2024-08-20 16:39:30,108 sonypro ad-listener-1.0-SNAPSHOT-runner.jar[57124] INFO  [com.sma.ad.ser.ActiveDirectoryService] (pool-9-thread-2) Push to Access Card
2024-08-20 16:39:30,119 sonypro ad-listener-1.0-SNAPSHOT-runner.jar[57124] INFO  [com.sma.ad.ser.ActiveDirectoryService] (pool-9-thread-2) Push AdUser{displayName='Sony Wibisono', lastLogoff=0, logonCount=0, accountExpires=9223372036854775807, lastLogonTimestamp=null, description='null', distinguishedName='CN=Sony K. Wibisono,OU=IT Dept,OU=Binrusdi Corp,DC=binrusdi,DC=com', countryCode=360, objectGUID='256bf51b-1eab-414e-9095-fdff3e780e82', logonHours='null', dSCorePropagationData='20240718205220.0Z', uSNCreated=69694, memberOf='null', isCriticalSystemObject='null', codePage=0, userAccountControl=66048, lastLogon=0, whenCreated='20240718204848.0Z', badPasswordTime=0, uSNChanged=159834, sAMAccountName='sonykw', instanceType=4, objectClass='top', cn='Sony K. Wibisono', whenChanged='20240809180510.0Z', primaryGroupID=513, adminCount=null, sAMAccountType=805306368, name='Sony K. Wibisono', objectSid='01050000-0000-0005-1500-000028cfc91d', badPwdCount=0, pwdLastSet=133658093285834559, objectCategory='CN=Person,CN=Schema,CN=Configuration,DC=binrusdi,DC=com', servicePrincipalName='null', showInAdvancedViewOnly='null', msDsSupportedEncryptionTypes='null', telephoneNumber='87886045995', mail='wibisono.sony@gmail.com', employeeID='1000105', streetAddress='Kamayangan Residence C1 No 8', postalCode='40293', sn='Wibisono', st='West Java', c='ID', userPrincipalName='sonykw@binrusdi.com', givenName='Sony', l='Kota Bandung', co='Indonesia'} to Access Card
2024-08-20 16:39:30,120 sonypro ad-listener-1.0-SNAPSHOT-runner.jar[57124] INFO  [com.sma.ad.ser.ActiveDirectoryService] (pool-9-thread-2) Push to Access Card
2024-08-20 16:39:30,192 sonypro ad-listener-1.0-SNAPSHOT-runner.jar[57124] INFO  [com.sma.ad.ser.ActiveDirectoryService] (vert.x-eventloop-thread-4) <?xml version="1.0" encoding="utf-8"?><soap:Envelope xmlns:soap="http://schemas.xmlsoap.org/soap/envelope/" xmlns:xsi="http://www.w3.org/2001/XMLSchema-instance" xmlns:xsd="http://www.w3.org/2001/XMLSchema"><soap:Body><AddCardResponse xmlns="WebAPI"><AddCardResult><ErrCode>-1</ErrCode><ErrMessage>Card No : 1000105 already exist in our card profile.</ErrMessage><MediaID /></AddCardResult></AddCardResponse></soap:Body></soap:Envelope>
2024-08-20 16:39:30,195 sonypro ad-listener-1.0-SNAPSHOT-runner.jar[57124] INFO  [com.sma.ad.ser.ActiveDirectoryService] (vert.x-eventloop-thread-4) <?xml version="1.0" encoding="utf-8"?><soap:Envelope xmlns:soap="http://schemas.xmlsoap.org/soap/envelope/" xmlns:xsi="http://www.w3.org/2001/XMLSchema-instance" xmlns:xsd="http://www.w3.org/2001/XMLSchema"><soap:Body><AddCardResponse xmlns="WebAPI"><AddCardResult><ErrCode>-1</ErrCode><ErrMessage>Card No : 10001006 already exist in our card profile.</ErrMessage><MediaID /></AddCardResult></AddCardResponse></soap:Body></soap:Envelope>
2024-08-20 16:39:30,197 sonypro ad-listener-1.0-SNAPSHOT-runner.jar[57124] INFO  [com.sma.ad.ser.ActiveDirectoryService] (vert.x-eventloop-thread-4) All tasks completed. Total users processed: 2
2024-08-20 16:39:30,267 sonypro ad-listener-1.0-SNAPSHOT-runner.jar[57124] INFO  [com.sma.ad.ser.FalcoService] (pool-10-thread-2) Checking card: Sony K. Wibisono
2024-08-20 16:39:30,279 sonypro ad-listener-1.0-SNAPSHOT-runner.jar[57124] INFO  [com.sma.ad.ser.FalcoService] (pool-10-thread-2) Checking card: User IT 1 binrusdi
2024-08-20 16:39:30,281 sonypro ad-listener-1.0-SNAPSHOT-runner.jar[57124] INFO  [com.sma.ad.ser.FalcoService] (pool-10-thread-2) Check Card in AD complete
2024-08-20 16:39:40,007 sonypro ad-listener-1.0-SNAPSHOT-runner.jar[57124] INFO  [com.sma.ad.ser.ActiveDirectoryService] (vert.x-eventloop-thread-5) Checking User in Access Card...
2024-08-20 16:39:40,010 sonypro ad-listener-1.0-SNAPSHOT-runner.jar[57124] INFO  [com.sma.ad.ser.ActiveDirectoryService] (vert.x-eventloop-thread-5) Get All User Active Directory 
2024-08-20 16:39:40,308 sonypro ad-listener-1.0-SNAPSHOT-runner.jar[57124] INFO  [com.sma.ad.ser.ActiveDirectoryService] (pool-11-thread-2) Push AdUser{displayName='User IT 1 binrusdi', lastLogoff=0, logonCount=0, accountExpires=9223372036854775807, lastLogonTimestamp=null, description='null', distinguishedName='CN=User IT 1 binrusdi,OU=IT Dept,OU=Binrusdi Corp,DC=binrusdi,DC=com', countryCode=0, objectGUID='5a064560-ed22-d848-8fb2-acf3ccf32bb5', logonHours='null', dSCorePropagationData='16010101000000.0Z', uSNCreated=12790, memberOf='null', isCriticalSystemObject='null', codePage=0, userAccountControl=66048, lastLogon=0, whenCreated='20240629173354.0Z', badPasswordTime=0, uSNChanged=110660, sAMAccountName='userit1', instanceType=4, objectClass='top', cn='User IT 1 binrusdi', whenChanged='20240725053820.0Z', primaryGroupID=513, adminCount=null, sAMAccountType=805306368, name='User IT 1 binrusdi', objectSid='01050000-0000-0005-1500-000028cfc91d', badPwdCount=0, pwdLastSet=133641560341353859, objectCategory='CN=Person,CN=Schema,CN=Configuration,DC=binrusdi,DC=com', servicePrincipalName='null', showInAdvancedViewOnly='null', msDsSupportedEncryptionTypes='null', telephoneNumber='null', mail='null', employeeID='10001006', streetAddress='null', postalCode='null', sn='binrusdi', st='null', c='null', userPrincipalName='userit1@binrusdi.com', givenName='User IT 1', l='null', co='null'} to Access Card
2024-08-20 16:39:40,308 sonypro ad-listener-1.0-SNAPSHOT-runner.jar[57124] INFO  [com.sma.ad.ser.ActiveDirectoryService] (pool-11-thread-2) Push to Access Card
2024-08-20 16:39:40,310 sonypro ad-listener-1.0-SNAPSHOT-runner.jar[57124] INFO  [com.sma.ad.ser.ActiveDirectoryService] (pool-11-thread-2) Push AdUser{displayName='Sony Wibisono', lastLogoff=0, logonCount=0, accountExpires=9223372036854775807, lastLogonTimestamp=null, description='null', distinguishedName='CN=Sony K. Wibisono,OU=IT Dept,OU=Binrusdi Corp,DC=binrusdi,DC=com', countryCode=360, objectGUID='256bf51b-1eab-414e-9095-fdff3e780e82', logonHours='null', dSCorePropagationData='20240718205220.0Z', uSNCreated=69694, memberOf='null', isCriticalSystemObject='null', codePage=0, userAccountControl=66048, lastLogon=0, whenCreated='20240718204848.0Z', badPasswordTime=0, uSNChanged=159834, sAMAccountName='sonykw', instanceType=4, objectClass='top', cn='Sony K. Wibisono', whenChanged='20240809180510.0Z', primaryGroupID=513, adminCount=null, sAMAccountType=805306368, name='Sony K. Wibisono', objectSid='01050000-0000-0005-1500-000028cfc91d', badPwdCount=0, pwdLastSet=133658093285834559, objectCategory='CN=Person,CN=Schema,CN=Configuration,DC=binrusdi,DC=com', servicePrincipalName='null', showInAdvancedViewOnly='null', msDsSupportedEncryptionTypes='null', telephoneNumber='87886045995', mail='wibisono.sony@gmail.com', employeeID='1000105', streetAddress='Kamayangan Residence C1 No 8', postalCode='40293', sn='Wibisono', st='West Java', c='ID', userPrincipalName='sonykw@binrusdi.com', givenName='Sony', l='Kota Bandung', co='Indonesia'} to Access Card
2024-08-20 16:39:40,310 sonypro ad-listener-1.0-SNAPSHOT-runner.jar[57124] INFO  [com.sma.ad.ser.ActiveDirectoryService] (pool-11-thread-2) Push to Access Card
2024-08-20 16:39:40,333 sonypro ad-listener-1.0-SNAPSHOT-runner.jar[57124] INFO  [com.sma.ad.ser.ActiveDirectoryService] (vert.x-eventloop-thread-6) <?xml version="1.0" encoding="utf-8"?><soap:Envelope xmlns:soap="http://schemas.xmlsoap.org/soap/envelope/" xmlns:xsi="http://www.w3.org/2001/XMLSchema-instance" xmlns:xsd="http://www.w3.org/2001/XMLSchema"><soap:Body><AddCardResponse xmlns="WebAPI"><AddCardResult><ErrCode>-1</ErrCode><ErrMessage>Card No : 10001006 already exist in our card profile.</ErrMessage><MediaID /></AddCardResult></AddCardResponse></soap:Body></soap:Envelope>
2024-08-20 16:39:40,334 sonypro ad-listener-1.0-SNAPSHOT-runner.jar[57124] INFO  [com.sma.ad.ser.ActiveDirectoryService] (vert.x-eventloop-thread-6) <?xml version="1.0" encoding="utf-8"?><soap:Envelope xmlns:soap="http://schemas.xmlsoap.org/soap/envelope/" xmlns:xsi="http://www.w3.org/2001/XMLSchema-instance" xmlns:xsd="http://www.w3.org/2001/XMLSchema"><soap:Body><AddCardResponse xmlns="WebAPI"><AddCardResult><ErrCode>-1</ErrCode><ErrMessage>Card No : 1000105 already exist in our card profile.</ErrMessage><MediaID /></AddCardResult></AddCardResponse></soap:Body></soap:Envelope>
2024-08-20 16:39:40,334 sonypro ad-listener-1.0-SNAPSHOT-runner.jar[57124] INFO  [com.sma.ad.ser.ActiveDirectoryService] (vert.x-eventloop-thread-6) All tasks completed. Total users processed: 2
2024-08-20 16:39:50,010 sonypro ad-listener-1.0-SNAPSHOT-runner.jar[57124] INFO  [com.sma.ad.ser.ActiveDirectoryService] (vert.x-eventloop-thread-0) Checking User in Access Card...
2024-08-20 16:39:50,013 sonypro ad-listener-1.0-SNAPSHOT-runner.jar[57124] INFO  [com.sma.ad.ser.ActiveDirectoryService] (vert.x-eventloop-thread-0) Get All User Active Directory 
2024-08-20 16:39:50,138 sonypro ad-listener-1.0-SNAPSHOT-runner.jar[57124] INFO  [com.sma.ad.ser.ActiveDirectoryService] (pool-12-thread-2) Push AdUser{displayName='User IT 1 binrusdi', lastLogoff=0, logonCount=0, accountExpires=9223372036854775807, lastLogonTimestamp=null, description='null', distinguishedName='CN=User IT 1 binrusdi,OU=IT Dept,OU=Binrusdi Corp,DC=binrusdi,DC=com', countryCode=0, objectGUID='5a064560-ed22-d848-8fb2-acf3ccf32bb5', logonHours='null', dSCorePropagationData='16010101000000.0Z', uSNCreated=12790, memberOf='null', isCriticalSystemObject='null', codePage=0, userAccountControl=66048, lastLogon=0, whenCreated='20240629173354.0Z', badPasswordTime=0, uSNChanged=110660, sAMAccountName='userit1', instanceType=4, objectClass='top', cn='User IT 1 binrusdi', whenChanged='20240725053820.0Z', primaryGroupID=513, adminCount=null, sAMAccountType=805306368, name='User IT 1 binrusdi', objectSid='01050000-0000-0005-1500-000028cfc91d', badPwdCount=0, pwdLastSet=133641560341353859, objectCategory='CN=Person,CN=Schema,CN=Configuration,DC=binrusdi,DC=com', servicePrincipalName='null', showInAdvancedViewOnly='null', msDsSupportedEncryptionTypes='null', telephoneNumber='null', mail='null', employeeID='10001006', streetAddress='null', postalCode='null', sn='binrusdi', st='null', c='null', userPrincipalName='userit1@binrusdi.com', givenName='User IT 1', l='null', co='null'} to Access Card
2024-08-20 16:39:50,138 sonypro ad-listener-1.0-SNAPSHOT-runner.jar[57124] INFO  [com.sma.ad.ser.ActiveDirectoryService] (pool-12-thread-2) Push to Access Card
2024-08-20 16:39:50,139 sonypro ad-listener-1.0-SNAPSHOT-runner.jar[57124] INFO  [com.sma.ad.ser.ActiveDirectoryService] (pool-12-thread-2) Push AdUser{displayName='Sony Wibisono', lastLogoff=0, logonCount=0, accountExpires=9223372036854775807, lastLogonTimestamp=null, description='null', distinguishedName='CN=Sony K. Wibisono,OU=IT Dept,OU=Binrusdi Corp,DC=binrusdi,DC=com', countryCode=360, objectGUID='256bf51b-1eab-414e-9095-fdff3e780e82', logonHours='null', dSCorePropagationData='20240718205220.0Z', uSNCreated=69694, memberOf='null', isCriticalSystemObject='null', codePage=0, userAccountControl=66048, lastLogon=0, whenCreated='20240718204848.0Z', badPasswordTime=0, uSNChanged=159834, sAMAccountName='sonykw', instanceType=4, objectClass='top', cn='Sony K. Wibisono', whenChanged='20240809180510.0Z', primaryGroupID=513, adminCount=null, sAMAccountType=805306368, name='Sony K. Wibisono', objectSid='01050000-0000-0005-1500-000028cfc91d', badPwdCount=0, pwdLastSet=133658093285834559, objectCategory='CN=Person,CN=Schema,CN=Configuration,DC=binrusdi,DC=com', servicePrincipalName='null', showInAdvancedViewOnly='null', msDsSupportedEncryptionTypes='null', telephoneNumber='87886045995', mail='wibisono.sony@gmail.com', employeeID='1000105', streetAddress='Kamayangan Residence C1 No 8', postalCode='40293', sn='Wibisono', st='West Java', c='ID', userPrincipalName='sonykw@binrusdi.com', givenName='Sony', l='Kota Bandung', co='Indonesia'} to Access Card
2024-08-20 16:39:50,140 sonypro ad-listener-1.0-SNAPSHOT-runner.jar[57124] INFO  [com.sma.ad.ser.ActiveDirectoryService] (pool-12-thread-2) Push to Access Card
2024-08-20 16:39:50,186 sonypro ad-listener-1.0-SNAPSHOT-runner.jar[57124] INFO  [com.sma.ad.ser.ActiveDirectoryService] (vert.x-eventloop-thread-7) <?xml version="1.0" encoding="utf-8"?><soap:Envelope xmlns:soap="http://schemas.xmlsoap.org/soap/envelope/" xmlns:xsi="http://www.w3.org/2001/XMLSchema-instance" xmlns:xsd="http://www.w3.org/2001/XMLSchema"><soap:Body><AddCardResponse xmlns="WebAPI"><AddCardResult><ErrCode>-1</ErrCode><ErrMessage>Card No : 10001006 already exist in our card profile.</ErrMessage><MediaID /></AddCardResult></AddCardResponse></soap:Body></soap:Envelope>
2024-08-20 16:39:50,200 sonypro ad-listener-1.0-SNAPSHOT-runner.jar[57124] INFO  [com.sma.ad.ser.ActiveDirectoryService] (vert.x-eventloop-thread-7) <?xml version="1.0" encoding="utf-8"?><soap:Envelope xmlns:soap="http://schemas.xmlsoap.org/soap/envelope/" xmlns:xsi="http://www.w3.org/2001/XMLSchema-instance" xmlns:xsd="http://www.w3.org/2001/XMLSchema"><soap:Body><AddCardResponse xmlns="WebAPI"><AddCardResult><ErrCode>-1</ErrCode><ErrMessage>Card No : 1000105 already exist in our card profile.</ErrMessage><MediaID /></AddCardResult></AddCardResponse></soap:Body></soap:Envelope>
2024-08-20 16:39:50,201 sonypro ad-listener-1.0-SNAPSHOT-runner.jar[57124] INFO  [com.sma.ad.ser.ActiveDirectoryService] (vert.x-eventloop-thread-7) All tasks completed. Total users processed: 2
2024-08-20 16:40:00,001 sonypro ad-listener-1.0-SNAPSHOT-runner.jar[57124] INFO  [com.sma.ad.ser.FalcoService] (vert.x-eventloop-thread-3) Checking Card in Active Directory User...
2024-08-20 16:40:00,001 sonypro ad-listener-1.0-SNAPSHOT-runner.jar[57124] INFO  [com.sma.ad.ser.ActiveDirectoryService] (vert.x-eventloop-thread-2) Checking User in Access Card...
2024-08-20 16:40:00,002 sonypro ad-listener-1.0-SNAPSHOT-runner.jar[57124] INFO  [com.sma.ad.ser.ActiveDirectoryService] (vert.x-eventloop-thread-2) Get All User Active Directory 
2024-08-20 16:40:00,049 sonypro ad-listener-1.0-SNAPSHOT-runner.jar[57124] INFO  [com.sma.ad.AppLifecycleBean] (main) Application is shutdown ...
2024-08-20 16:40:00,052 sonypro ad-listener-1.0-SNAPSHOT-runner.jar[57124] INFO  [com.sma.ad.ser.FalcoService] (pool-13-thread-2) Checking card: Sony K. Wibisono
2024-08-20 16:40:00,072 sonypro ad-listener-1.0-SNAPSHOT-runner.jar[57124] INFO  [com.sma.ad.ser.FalcoService] (pool-13-thread-2) Checking card: User IT 1 binrusdi
2024-08-20 16:40:00,076 sonypro ad-listener-1.0-SNAPSHOT-runner.jar[57124] INFO  [com.sma.ad.ser.FalcoService] (pool-13-thread-2) Check Card in AD complete
2024-08-20 16:40:10,575 sonypro ad-listener-1.0-SNAPSHOT-runner.jar[57124] ERROR [com.sma.ad.ser.ActiveDirectoryService] (executor-thread-10) Error fetching users [Error Occurred After Shutdown]: LDAPException(resultCode=82 (local error), numEntries=0, numReferences=0, errorMessage='Search processing was interrupted while waiting for a response from server 192.168.97.215:389.', ldapSDKVersion=7.0.1, revision=b3aa7b0ed0d31f12faaddbdb312a6aa0480800d5')
	at com.unboundid.ldap.sdk.LDAPConnection.search(LDAPConnection.java:3989)
	at com.smartnet.ad.service.ActiveDirectoryService.lambda$getADUser$6(ActiveDirectoryService.java:306)
	at io.smallrye.context.impl.wrappers.SlowContextualSupplier.get(SlowContextualSupplier.java:21)
	at io.smallrye.mutiny.operators.uni.builders.UniCreateFromItemSupplier.subscribe(UniCreateFromItemSupplier.java:28)
	at io.smallrye.mutiny.operators.AbstractUni.subscribe(AbstractUni.java:36)
	at io.smallrye.mutiny.operators.uni.UniRunSubscribeOn.lambda$subscribe$0(UniRunSubscribeOn.java:27)
	at io.quarkus.vertx.core.runtime.VertxCoreRecorder$14.runWith(VertxCoreRecorder.java:599)
	at org.jboss.threads.EnhancedQueueExecutor$Task.doRunWith(EnhancedQueueExecutor.java:2516)
	at org.jboss.threads.EnhancedQueueExecutor$Task.run(EnhancedQueueExecutor.java:2495)
	at org.jboss.threads.EnhancedQueueExecutor$ThreadBody.run(EnhancedQueueExecutor.java:1521)
	at org.jboss.threads.DelegatingRunnable.run(DelegatingRunnable.java:11)
	at org.jboss.threads.ThreadLocalResettingRunnable.run(ThreadLocalResettingRunnable.java:11)
	at io.netty.util.concurrent.FastThreadLocalRunnable.run(FastThreadLocalRunnable.java:30)
	at java.base/java.lang.Thread.run(Thread.java:1583)
Caused by: LDAPException(resultCode=82 (local error), errorMessage='Search processing was interrupted while waiting for a response from server 192.168.97.215:389.', ldapSDKVersion=7.0.1, revision=b3aa7b0ed0d31f12faaddbdb312a6aa0480800d5)
	at com.unboundid.ldap.sdk.SearchRequest.process(SearchRequest.java:1447)
	at com.unboundid.ldap.sdk.LDAPConnection.search(LDAPConnection.java:3979)
	... 13 more
Caused by: java.lang.InterruptedException
	at java.base/java.util.concurrent.locks.AbstractQueuedSynchronizer$ConditionObject.awaitNanos(AbstractQueuedSynchronizer.java:1765)
	at java.base/java.util.concurrent.LinkedBlockingQueue.poll(LinkedBlockingQueue.java:460)
	at com.unboundid.ldap.sdk.SearchRequest.process(SearchRequest.java:1435)
	... 14 more

2024-08-20 16:40:10,603 sonypro ad-listener-1.0-SNAPSHOT-runner.jar[57124] INFO  [com.sma.ad.ser.ActiveDirectoryService] (pool-14-thread-2) All tasks completed. Total users processed: 0
